Determining if the pthread_create exist failed with the following output:
Change Dir: /home/birdy/projects/GPUDNS_CMAKE/googleTest/googletest/CMakeFiles/CMakeTmp

Run Build Command:"/usr/bin/make" "cmTryCompileExec838482065/fast"
/usr/bin/make -f CMakeFiles/cmTryCompileExec838482065.dir/build.make CMakeFiles/cmTryCompileExec838482065.dir/build
make[1]: Entering directory `/home/birdy/projects/GPUDNS_CMAKE/googleTest/googletest/CMakeFiles/CMakeTmp'
/usr/bin/cmake -E cmake_progress_report /home/birdy/projects/GPUDNS_CMAKE/googleTest/googletest/CMakeFiles/CMakeTmp/CMakeFiles 1
Building C object CMakeFiles/cmTryCompileExec838482065.dir/CheckSymbolExists.c.o
/usr/bin/cc    -o CMakeFiles/cmTryCompileExec838482065.dir/CheckSymbolExists.c.o   -c /home/birdy/projects/GPUDNS_CMAKE/googleTest/googletest/CMakeFiles/CMakeTmp/CheckSymbolExists.c
Linking C executable cmTryCompileExec838482065
/usr/bin/cmake -E cmake_link_script CMakeFiles/cmTryCompileExec838482065.dir/link.txt --verbose=1
/usr/bin/cc       CMakeFiles/cmTryCompileExec838482065.dir/CheckSymbolExists.c.o  -o cmTryCompileExec838482065 -rdynamic 
CMakeFiles/cmTryCompileExec838482065.dir/CheckSymbolExists.c.o: In function `main':
CheckSymbolExists.c:(.text+0x16): undefined reference to `pthread_create'
collect2: error: ld returned 1 exit status
make[1]: Leaving directory `/home/birdy/projects/GPUDNS_CMAKE/googleTest/googletest/CMakeFiles/CMakeTmp'
make[1]: *** [cmTryCompileExec838482065] Error 1
make: *** [cmTryCompileExec838482065/fast] Error 2

File /home/birdy/projects/GPUDNS_CMAKE/googleTest/googletest/CMakeFiles/CMakeTmp/CheckSymbolExists.c:
/* */
#include <pthread.h>

int main(int argc, char** argv)
{
  (void)argv;
#ifndef pthread_create
  return ((int*)(&pthread_create))[argc];
#else
  (void)argc;
  return 0;
#endif
}

Determining if the function pthread_create exists in the pthreads failed with the following output:
Change Dir: /home/birdy/projects/GPUDNS_CMAKE/googleTest/googletest/CMakeFiles/CMakeTmp

Run Build Command:"/usr/bin/make" "cmTryCompileExec3882331163/fast"
/usr/bin/make -f CMakeFiles/cmTryCompileExec3882331163.dir/build.make CMakeFiles/cmTryCompileExec3882331163.dir/build
make[1]: Entering directory `/home/birdy/projects/GPUDNS_CMAKE/googleTest/googletest/CMakeFiles/CMakeTmp'
/usr/bin/cmake -E cmake_progress_report /home/birdy/projects/GPUDNS_CMAKE/googleTest/googletest/CMakeFiles/CMakeTmp/CMakeFiles 1
Building C object CMakeFiles/cmTryCompileExec3882331163.dir/CheckFunctionExists.c.o
/usr/bin/cc   -DCHECK_FUNCTION_EXISTS=pthread_create   -o CMakeFiles/cmTryCompileExec3882331163.dir/CheckFunctionExists.c.o   -c /usr/share/cmake-3.2/Modules/CheckFunctionExists.c
Linking C executable cmTryCompileExec3882331163
/usr/bin/cmake -E cmake_link_script CMakeFiles/cmTryCompileExec3882331163.dir/link.txt --verbose=1
/usr/bin/cc   -DCHECK_FUNCTION_EXISTS=pthread_create    CMakeFiles/cmTryCompileExec3882331163.dir/CheckFunctionExists.c.o  -o cmTryCompileExec3882331163 -rdynamic -lpthreads 
/usr/bin/ld: cannot find -lpthreads
collect2: error: ld returned 1 exit status
make[1]: *** [cmTryCompileExec3882331163] Error 1
make[1]: Leaving directory `/home/birdy/projects/GPUDNS_CMAKE/googleTest/googletest/CMakeFiles/CMakeTmp'
make: *** [cmTryCompileExec3882331163/fast] Error 2


